app/build/intermediates/manifest_merge_blame_file/debug/manifest-merger-blame-debug-report.txt
1<?xml version="1.0" encoding="utf-8"?>
2<manifest xmlns:android="http://schemas.android.com/apk/res/android"
3    package="org.tensorflow.lite.examples.detection"
4    android:versionCode="1"
5    android:versionName="1.0" >
6
7    <uses-sdk
7-->src/main/AndroidManifest.xml:5:5-17
8        android:minSdkVersion="24"
8-->src/main/AndroidManifest.xml:5:5-17
9        android:targetSdkVersion="28" />
9-->src/main/AndroidManifest.xml:5:5-17
10
11    <uses-permission android:name="android.permission.CAMERA" />
11-->src/main/AndroidManifest.xml:7:5-65
11-->src/main/AndroidManifest.xml:7:22-62
12
13    <uses-feature android:name="android.hardware.camera" />
13-->src/main/AndroidManifest.xml:9:5-60
13-->src/main/AndroidManifest.xml:9:19-57
14    <uses-feature android:name="android.hardware.camera.autofocus" />
14-->src/main/AndroidManifest.xml:10:5-70
14-->src/main/AndroidManifest.xml:10:19-67
15    <uses-feature android:name="android.hardware.camera.ar" />
15-->src/main/AndroidManifest.xml:11:5-63
15-->src/main/AndroidManifest.xml:11:19-60
16
17    <application
17-->src/main/AndroidManifest.xml:14:5-34:19
18        android:allowBackup="false"
18-->src/main/AndroidManifest.xml:15:9-36
19        android:appComponentFactory="androidx.core.app.CoreComponentFactory"
19-->[androidx.core:core:1.0.0] AndroidManifest.xml:22:18-86
20        android:debuggable="true"
21        android:icon="@mipmap/icon"
21-->src/main/AndroidManifest.xml:16:9-36
22        android:label="@string/tfe_od_app_name"
22-->src/main/AndroidManifest.xml:17:9-48
23        android:roundIcon="@mipmap/icon"
23-->src/main/AndroidManifest.xml:18:9-41
24        android:supportsRtl="true"
24-->src/main/AndroidManifest.xml:19:9-35
25        android:theme="@style/AppTheme.ObjectDetection" >
25-->src/main/AndroidManifest.xml:20:9-56
26        <activity android:name="menu.MainActivity" >
26-->src/main/AndroidManifest.xml:21:9-26:20
26-->src/main/AndroidManifest.xml:21:19-51
27            <intent-filter>
27-->src/main/AndroidManifest.xml:22:13-25:29
28                <action android:name="android.intent.action.MAIN" />
28-->src/main/AndroidManifest.xml:23:17-69
28-->src/main/AndroidManifest.xml:23:25-66
29
30                <category android:name="android.intent.category.LAUNCHER" />
30-->src/main/AndroidManifest.xml:24:17-77
30-->src/main/AndroidManifest.xml:24:27-74
31            </intent-filter>
32        </activity>
33        <activity
33-->src/main/AndroidManifest.xml:27:9-31:20
34            android:name="org.tensorflow.lite.examples.detection.DetectorActivity"
34-->src/main/AndroidManifest.xml:28:13-45
35            android:label="@string/tfe_od_app_name"
35-->src/main/AndroidManifest.xml:29:13-52
36            android:screenOrientation="portrait" >
36-->src/main/AndroidManifest.xml:30:13-49
37        </activity>
38        <activity android:name="com.google.ar.sceneform.samples.hellosceneform.HelloSceneformActivity" />
38-->src/main/AndroidManifest.xml:32:9-115
38-->src/main/AndroidManifest.xml:32:19-103
39
40        <meta-data
40-->src/main/AndroidManifest.xml:33:9-81
41            android:name="com.google.ar.core"
41-->src/main/AndroidManifest.xml:33:20-53
42            android:value="required" />
42-->src/main/AndroidManifest.xml:33:54-78
43        <!-- The minimal version code of ARCore APK required for an app using this SDK. -->
44        <meta-data
44-->[com.google.ar:core:1.16.0] AndroidManifest.xml:33:9-35:41
45            android:name="com.google.ar.core.min_apk_version"
45-->[com.google.ar:core:1.16.0] AndroidManifest.xml:34:13-62
46            android:value="191220000" /> <!-- This activity is critical for installing ARCore when it is not already present. -->
46-->[com.google.ar:core:1.16.0] AndroidManifest.xml:35:13-38
47        <activity
47-->[com.google.ar:core:1.16.0] AndroidManifest.xml:37:9-43:80
48            android:name="com.google.ar.core.InstallActivity"
48-->[com.google.ar:core:1.16.0] AndroidManifest.xml:38:13-62
49            android:configChanges="keyboardHidden|orientation|screenSize"
49-->[com.google.ar:core:1.16.0] AndroidManifest.xml:39:13-74
50            android:excludeFromRecents="true"
50-->[com.google.ar:core:1.16.0] AndroidManifest.xml:40:13-46
51            android:exported="false"
51-->[com.google.ar:core:1.16.0] AndroidManifest.xml:41:13-37
52            android:launchMode="singleTop"
52-->[com.google.ar:core:1.16.0] AndroidManifest.xml:42:13-43
53            android:theme="@android:style/Theme.Material.Light.Dialog.Alert" />
53-->[com.google.ar:core:1.16.0] AndroidManifest.xml:43:13-77
54    </application>
55
56</manifest>